<?xml version="1.0" encoding="UTF-8"?>
<testsuite xmlns:xsi="http://www.w3.org/2001/XMLSchema-instance" xsi:noNamespaceSchemaLocation="https://maven.apache.org/surefire/maven-surefire-plugin/xsd/surefire-test-report.xsd" name="com.jpranin.calculator.CalculatorControllerTest" time="3.517" tests="11" errors="0" skipped="0" failures="0">
  <properties>
[...]
</properties>
  <testcase name="addTest1" classname="com.jpranin.calculator.CalculatorControllerTest" time="0.161"/>
  <testcase name="addTest2" classname="com.jpranin.calculator.CalculatorControllerTest" time="0.005"/>
  <testcase name="addTest3" classname="com.jpranin.calculator.CalculatorControllerTest" time="0.004"/>
  <testcase name="addTest4" classname="com.jpranin.calculator.CalculatorControllerTest" time="0.004"/>
  <testcase name="primeTest1" classname="com.jpranin.calculator.CalculatorControllerTest" time="0.02"/>
  <testcase name="primeTest2" classname="com.jpranin.calculator.CalculatorControllerTest" time="0.008"/>
  <testcase name="primeTest3" classname="com.jpranin.calculator.CalculatorControllerTest" time="0.007"/>
  <testcase name="primeTest4" classname="com.jpranin.calculator.CalculatorControllerTest" time="0.009"/>
  <testcase name="primeTest5" classname="com.jpranin.calculator.CalculatorControllerTest" time="0.007"/>
  <testcase name="primeTest6" classname="com.jpranin.calculator.CalculatorControllerTest" time="0.022"/>
  <testcase name="shouldReturnDefaultMessage" classname="com.jpranin.calculator.CalculatorControllerTest" time="0.006"/>
</testsuite>